2025-03-21T07:50:44.055+05:30  INFO 16508 --- [OnlineBookStore] [main] o.s.b.w.embedded.tomcat.TomcatWebServer  : Tomcat started on port 8090 (http) with context path '/'
2025-03-21T07:50:44.074+05:30  INFO 16508 --- [OnlineBookStore] [main] c.d.o.OnlineBookStoreApplication         : Started OnlineBookStoreApplication in 6.388 seconds (process running for 7.26)
2025-03-21T07:50:49.855+05:30  INFO 16508 --- [OnlineBookStore] [http-nio-8090-exec-2] o.a.c.c.C.[Tomcat].[localhost].[/]       : Initializing Spring DispatcherServlet 'dispatcherServlet'
2025-03-21T07:50:49.856+05:30  INFO 16508 --- [OnlineBookStore] [http-nio-8090-exec-2] o.s.web.servlet.DispatcherServlet        : Initializing Servlet 'dispatcherServlet'
2025-03-21T07:50:49.862+05:30  INFO 16508 --- [OnlineBookStore] [http-nio-8090-exec-2] o.s.web.servlet.DispatcherServlet        : Completed initialization in 3 ms
2025-03-21T07:50:49.925+05:30  INFO 16508 --- [OnlineBookStore] [http-nio-8090-exec-2] c.d.o.controller.BookController          : Received request to fetch all books
2025-03-21T07:50:49.926+05:30  INFO 16508 --- [OnlineBookStore] [http-nio-8090-exec-2] c.d.onlinebookstore.service.BookService  : Fetching all books from the database
2025-03-21T07:50:50.084+05:30 DEBUG 16508 --- [OnlineBookStore] [http-nio-8090-exec-2] org.hibernate.SQL                        : 
    select
        b1_0.id,
        b1_0.author,
        b1_0.price,
        b1_0.published_date,
        b1_0.title 
    from
        books b1_0
2025-03-21T07:50:50.123+05:30  INFO 16508 --- [OnlineBookStore] [http-nio-8090-exec-2] c.d.onlinebookstore.service.BookService  : Retrieved 1 books
2025-03-21T07:50:50.123+05:30  INFO 16508 --- [OnlineBookStore] [http-nio-8090-exec-2] c.d.o.controller.BookController          : Returning 1 books
2025-03-21T07:52:57.592+05:30  INFO 16508 --- [OnlineBookStore] [RMI TCP Connection(6)-127.0.0.1] inMXBeanRegistrar$SpringApplicationAdmin : Application shutdown requested.
2025-03-21T07:52:57.592+05:30  INFO 16508 --- [OnlineBookStore] [RMI TCP Connection(6)-127.0.0.1] o.s.b.w.e.tomcat.GracefulShutdown        : Commencing graceful shutdown. Waiting for active requests to complete
2025-03-21T07:52:57.600+05:30  INFO 16508 --- [OnlineBookStore] [tomcat-shutdown] o.s.b.w.e.tomcat.GracefulShutdown        : Graceful shutdown complete
2025-03-21T07:52:57.609+05:30  INFO 16508 --- [OnlineBookStore] [RMI TCP Connection(6)-127.0.0.1] j.LocalContainerEntityManagerFactoryBean : Closing JPA EntityManagerFactory for persistence unit 'default'
2025-03-21T07:52:57.609+05:30  INFO 16508 --- [OnlineBookStore] [RMI TCP Connection(6)-127.0.0.1] com.zaxxer.hikari.HikariDataSource       : HikariPool-1 - Shutdown initiated...
2025-03-21T07:52:57.625+05:30  INFO 16508 --- [OnlineBookStore] [RMI TCP Connection(6)-127.0.0.1] com.zaxxer.hikari.HikariDataSource       : HikariPool-1 - Shutdown completed.
2025-03-21T07:53:51.512+05:30  INFO 14280 --- [OnlineBookStore] [main] c.d.o.OnlineBookStoreApplication         : Starting OnlineBookStoreApplication using Java 23.0.2 with PID 14280 (C:\Users\Sivanesh.C\eclipse-workspace\OnlineBookStore\target\classes started by Sivanesh.C in C:\Users\Sivanesh.C\eclipse-workspace\OnlineBookStore)
2025-03-21T07:53:51.518+05:30  INFO 14280 --- [OnlineBookStore] [main] c.d.o.OnlineBookStoreApplication         : No active profile set, falling back to 1 default profile: "default"
2025-03-21T07:53:52.642+05:30  INFO 14280 --- [OnlineBookStore] [main] .s.d.r.c.RepositoryConfigurationDelegate : Bootstrapping Spring Data JPA repositories in DEFAULT mode.
2025-03-21T07:53:52.741+05:30  INFO 14280 --- [OnlineBookStore] [main] .s.d.r.c.RepositoryConfigurationDelegate : Finished Spring Data repository scanning in 85 ms. Found 1 JPA repository interface.
2025-03-21T07:53:53.555+05:30  INFO 14280 --- [OnlineBookStore] [main] o.s.b.w.embedded.tomcat.TomcatWebServer  : Tomcat initialized with port 8090 (http)
2025-03-21T07:53:53.573+05:30  INFO 14280 --- [OnlineBookStore] [main] o.apache.catalina.core.StandardService   : Starting service [Tomcat]
2025-03-21T07:53:53.574+05:30  INFO 14280 --- [OnlineBookStore] [main] o.apache.catalina.core.StandardEngine    : Starting Servlet engine: [Apache Tomcat/10.1.36]
2025-03-21T07:53:53.662+05:30  INFO 14280 --- [OnlineBookStore] [main] o.a.c.c.C.[Tomcat].[localhost].[/]       : Initializing Spring embedded WebApplicationContext
2025-03-21T07:53:53.663+05:30  INFO 14280 --- [OnlineBookStore] [main] w.s.c.ServletWebServerApplicationContext : Root WebApplicationContext: initialization completed in 2037 ms
2025-03-21T07:53:53.889+05:30  INFO 14280 --- [OnlineBookStore] [main] o.hibernate.jpa.internal.util.LogHelper  : HHH000204: Processing PersistenceUnitInfo [name: default]
2025-03-21T07:53:53.962+05:30  INFO 14280 --- [OnlineBookStore] [main] org.hibernate.Version                    : HHH000412: Hibernate ORM core version 6.6.8.Final
2025-03-21T07:53:54.016+05:30  INFO 14280 --- [OnlineBookStore] [main] o.h.c.internal.RegionFactoryInitiator    : HHH000026: Second-level cache disabled
2025-03-21T07:53:54.441+05:30  INFO 14280 --- [OnlineBookStore] [main] o.s.o.j.p.SpringPersistenceUnitInfo      : No LoadTimeWeaver setup: ignoring JPA class transformer
2025-03-21T07:53:54.483+05:30  INFO 14280 --- [OnlineBookStore] [main] com.zaxxer.hikari.HikariDataSource       : HikariPool-1 - Starting...
2025-03-21T07:53:55.054+05:30  INFO 14280 --- [OnlineBookStore] [main] com.zaxxer.hikari.pool.HikariPool        : HikariPool-1 - Added connection com.mysql.cj.jdbc.ConnectionImpl@3a70575
2025-03-21T07:53:55.057+05:30  INFO 14280 --- [OnlineBookStore] [main] com.zaxxer.hikari.HikariDataSource       : HikariPool-1 - Start completed.
2025-03-21T07:53:55.153+05:30  WARN 14280 --- [OnlineBookStore] [main] org.hibernate.orm.deprecation            : HHH90000025: MySQL8Dialect does not need to be specified explicitly using 'hibernate.dialect' (remove the property setting and it will be selected by default)
2025-03-21T07:53:55.155+05:30  WARN 14280 --- [OnlineBookStore] [main] org.hibernate.orm.deprecation            : HHH90000026: MySQL8Dialect has been deprecated; use org.hibernate.dialect.MySQLDialect instead
2025-03-21T07:53:55.188+05:30  INFO 14280 --- [OnlineBookStore] [main] org.hibernate.orm.connections.pooling    : HHH10001005: Database info:
	Database JDBC URL [Connecting through datasource 'HikariDataSource (HikariPool-1)']
	Database driver: undefined/unknown
	Database version: 8.0
	Autocommit mode: undefined/unknown
	Isolation level: undefined/unknown
	Minimum pool size: undefined/unknown
	Maximum pool size: undefined/unknown
2025-03-21T07:53:56.453+05:30  INFO 14280 --- [OnlineBookStore] [main] o.h.e.t.j.p.i.JtaPlatformInitiator       : HHH000489: No JTA platform available (set 'hibernate.transaction.jta.platform' to enable JTA platform integration)
2025-03-21T07:53:56.513+05:30  INFO 14280 --- [OnlineBookStore] [main] j.LocalContainerEntityManagerFactoryBean : Initialized JPA EntityManagerFactory for persistence unit 'default'
2025-03-21T07:53:56.886+05:30  WARN 14280 --- [OnlineBookStore] [main] JpaBaseConfiguration$JpaWebConfiguration : spring.jpa.open-in-view is enabled by default. Therefore, database queries may be performed during view rendering. Explicitly configure spring.jpa.open-in-view to disable this warning
2025-03-21T07:53:57.432+05:30  INFO 14280 --- [OnlineBookStore] [main] o.s.b.w.embedded.tomcat.TomcatWebServer  : Tomcat started on port 8090 (http) with context path '/'
2025-03-21T07:53:57.446+05:30  INFO 14280 --- [OnlineBookStore] [main] c.d.o.OnlineBookStoreApplication         : Started OnlineBookStoreApplication in 6.767 seconds (process running for 7.813)
2025-03-21T07:55:23.096+05:30  INFO 14280 --- [OnlineBookStore] [RMI TCP Connection(5)-127.0.0.1] inMXBeanRegistrar$SpringApplicationAdmin : Application shutdown requested.
2025-03-21T07:55:23.096+05:30  INFO 14280 --- [OnlineBookStore] [RMI TCP Connection(5)-127.0.0.1] o.s.b.w.e.tomcat.GracefulShutdown        : Commencing graceful shutdown. Waiting for active requests to complete
2025-03-21T07:55:23.104+05:30  INFO 14280 --- [OnlineBookStore] [tomcat-shutdown] o.s.b.w.e.tomcat.GracefulShutdown        : Graceful shutdown complete
2025-03-21T07:55:23.113+05:30  INFO 14280 --- [OnlineBookStore] [RMI TCP Connection(5)-127.0.0.1] j.LocalContainerEntityManagerFactoryBean : Closing JPA EntityManagerFactory for persistence unit 'default'
2025-03-21T07:55:23.121+05:30  INFO 14280 --- [OnlineBookStore] [RMI TCP Connection(5)-127.0.0.1] com.zaxxer.hikari.HikariDataSource       : HikariPool-1 - Shutdown initiated...
2025-03-21T07:55:23.129+05:30  INFO 14280 --- [OnlineBookStore] [RMI TCP Connection(5)-127.0.0.1] com.zaxxer.hikari.HikariDataSource       : HikariPool-1 - Shutdown completed.
2025-03-21T07:58:58.839+05:30  INFO 20868 --- [OnlineBookStore] [main] c.d.o.OnlineBookStoreApplication         : Starting OnlineBookStoreApplication using Java 23.0.2 with PID 20868 (C:\Users\Sivanesh.C\eclipse-workspace\OnlineBookStore\target\classes started by Sivanesh.C in C:\Users\Sivanesh.C\eclipse-workspace\OnlineBookStore)
2025-03-21T07:58:58.841+05:30 DEBUG 20868 --- [OnlineBookStore] [main] c.d.o.OnlineBookStoreApplication         : Running with Spring Boot v3.4.3, Spring v6.2.3
2025-03-21T07:58:58.844+05:30  INFO 20868 --- [OnlineBookStore] [main] c.d.o.OnlineBookStoreApplication         : No active profile set, falling back to 1 default profile: "default"
2025-03-21T07:59:00.038+05:30  INFO 20868 --- [OnlineBookStore] [main] .s.d.r.c.RepositoryConfigurationDelegate : Bootstrapping Spring Data JPA repositories in DEFAULT mode.
2025-03-21T07:59:00.147+05:30  INFO 20868 --- [OnlineBookStore] [main] .s.d.r.c.RepositoryConfigurationDelegate : Finished Spring Data repository scanning in 90 ms. Found 1 JPA repository interface.
2025-03-21T07:59:01.034+05:30  INFO 20868 --- [OnlineBookStore] [main] o.s.b.w.embedded.tomcat.TomcatWebServer  : Tomcat initialized with port 8090 (http)
2025-03-21T07:59:01.059+05:30  INFO 20868 --- [OnlineBookStore] [main] o.apache.catalina.core.StandardService   : Starting service [Tomcat]
2025-03-21T07:59:01.059+05:30  INFO 20868 --- [OnlineBookStore] [main] o.apache.catalina.core.StandardEngine    : Starting Servlet engine: [Apache Tomcat/10.1.36]
