2025-03-21T07:59:01.147+05:30  INFO 20868 --- [OnlineBookStore] [main] o.a.c.c.C.[Tomcat].[localhost].[/]       : Initializing Spring embedded WebApplicationContext
2025-03-21T07:59:01.152+05:30  INFO 20868 --- [OnlineBookStore] [main] w.s.c.ServletWebServerApplicationContext : Root WebApplicationContext: initialization completed in 2169 ms
2025-03-21T07:59:01.357+05:30  INFO 20868 --- [OnlineBookStore] [main] o.hibernate.jpa.internal.util.LogHelper  : HHH000204: Processing PersistenceUnitInfo [name: default]
2025-03-21T07:59:01.446+05:30  INFO 20868 --- [OnlineBookStore] [main] org.hibernate.Version                    : HHH000412: Hibernate ORM core version 6.6.8.Final
2025-03-21T07:59:01.494+05:30  INFO 20868 --- [OnlineBookStore] [main] o.h.c.internal.RegionFactoryInitiator    : HHH000026: Second-level cache disabled
2025-03-21T07:59:01.924+05:30  INFO 20868 --- [OnlineBookStore] [main] o.s.o.j.p.SpringPersistenceUnitInfo      : No LoadTimeWeaver setup: ignoring JPA class transformer
2025-03-21T07:59:01.980+05:30  INFO 20868 --- [OnlineBookStore] [main] com.zaxxer.hikari.HikariDataSource       : HikariPool-1 - Starting...
2025-03-21T07:59:02.721+05:30  INFO 20868 --- [OnlineBookStore] [main] com.zaxxer.hikari.pool.HikariPool        : HikariPool-1 - Added connection com.mysql.cj.jdbc.ConnectionImpl@32ba5c65
2025-03-21T07:59:02.725+05:30  INFO 20868 --- [OnlineBookStore] [main] com.zaxxer.hikari.HikariDataSource       : HikariPool-1 - Start completed.
2025-03-21T07:59:02.820+05:30  WARN 20868 --- [OnlineBookStore] [main] org.hibernate.orm.deprecation            : HHH90000025: MySQL8Dialect does not need to be specified explicitly using 'hibernate.dialect' (remove the property setting and it will be selected by default)
2025-03-21T07:59:02.822+05:30  WARN 20868 --- [OnlineBookStore] [main] org.hibernate.orm.deprecation            : HHH90000026: MySQL8Dialect has been deprecated; use org.hibernate.dialect.MySQLDialect instead
2025-03-21T07:59:02.870+05:30  INFO 20868 --- [OnlineBookStore] [main] org.hibernate.orm.connections.pooling    : HHH10001005: Database info:
	Database JDBC URL [Connecting through datasource 'HikariDataSource (HikariPool-1)']
	Database driver: undefined/unknown
	Database version: 8.0
	Autocommit mode: undefined/unknown
	Isolation level: undefined/unknown
	Minimum pool size: undefined/unknown
	Maximum pool size: undefined/unknown
2025-03-21T07:59:04.356+05:30  INFO 20868 --- [OnlineBookStore] [main] o.h.e.t.j.p.i.JtaPlatformInitiator       : HHH000489: No JTA platform available (set 'hibernate.transaction.jta.platform' to enable JTA platform integration)
2025-03-21T07:59:04.525+05:30  INFO 20868 --- [OnlineBookStore] [main] j.LocalContainerEntityManagerFactoryBean : Initialized JPA EntityManagerFactory for persistence unit 'default'
2025-03-21T07:59:05.023+05:30  WARN 20868 --- [OnlineBookStore] [main] JpaBaseConfiguration$JpaWebConfiguration : spring.jpa.open-in-view is enabled by default. Therefore, database queries may be performed during view rendering. Explicitly configure spring.jpa.open-in-view to disable this warning
2025-03-21T07:59:05.852+05:30  INFO 20868 --- [OnlineBookStore] [main] o.s.b.w.embedded.tomcat.TomcatWebServer  : Tomcat started on port 8090 (http) with context path '/'
2025-03-21T07:59:05.868+05:30  INFO 20868 --- [OnlineBookStore] [main] c.d.o.OnlineBookStoreApplication         : Started OnlineBookStoreApplication in 7.786 seconds (process running for 8.911)
2025-03-21T07:59:16.082+05:30  INFO 20868 --- [OnlineBookStore] [http-nio-8090-exec-1] o.a.c.c.C.[Tomcat].[localhost].[/]       : Initializing Spring DispatcherServlet 'dispatcherServlet'
2025-03-21T07:59:16.082+05:30  INFO 20868 --- [OnlineBookStore] [http-nio-8090-exec-1] o.s.web.servlet.DispatcherServlet        : Initializing Servlet 'dispatcherServlet'
2025-03-21T07:59:16.098+05:30  INFO 20868 --- [OnlineBookStore] [http-nio-8090-exec-1] o.s.web.servlet.DispatcherServlet        : Completed initialization in 8 ms
2025-03-21T07:59:16.189+05:30  INFO 20868 --- [OnlineBookStore] [http-nio-8090-exec-1] c.d.o.controller.BookController          : Received request to fetch all books
2025-03-21T07:59:16.197+05:30  INFO 20868 --- [OnlineBookStore] [http-nio-8090-exec-1] c.d.onlinebookstore.service.BookService  : Fetching all books from the database
2025-03-21T07:59:16.607+05:30  INFO 20868 --- [OnlineBookStore] [http-nio-8090-exec-1] c.d.onlinebookstore.service.BookService  : Retrieved 0 books
2025-03-21T07:59:16.608+05:30  INFO 20868 --- [OnlineBookStore] [http-nio-8090-exec-1] c.d.o.controller.BookController          : Returning 0 books
2025-03-21T08:02:13.377+05:30  INFO 20868 --- [OnlineBookStore] [RMI TCP Connection(7)-127.0.0.1] inMXBeanRegistrar$SpringApplicationAdmin : Application shutdown requested.
2025-03-21T08:02:13.383+05:30  INFO 20868 --- [OnlineBookStore] [RMI TCP Connection(7)-127.0.0.1] o.s.b.w.e.tomcat.GracefulShutdown        : Commencing graceful shutdown. Waiting for active requests to complete
2025-03-21T08:02:13.390+05:30  INFO 20868 --- [OnlineBookStore] [tomcat-shutdown] o.s.b.w.e.tomcat.GracefulShutdown        : Graceful shutdown complete
2025-03-21T08:02:13.396+05:30  INFO 20868 --- [OnlineBookStore] [RMI TCP Connection(7)-127.0.0.1] j.LocalContainerEntityManagerFactoryBean : Closing JPA EntityManagerFactory for persistence unit 'default'
2025-03-21T08:02:13.399+05:30  INFO 20868 --- [OnlineBookStore] [RMI TCP Connection(7)-127.0.0.1] com.zaxxer.hikari.HikariDataSource       : HikariPool-1 - Shutdown initiated...
2025-03-21T08:02:13.411+05:30  INFO 20868 --- [OnlineBookStore] [RMI TCP Connection(7)-127.0.0.1] com.zaxxer.hikari.HikariDataSource       : HikariPool-1 - Shutdown completed.
2025-03-21T08:02:18.372+05:30  INFO 18564 --- [OnlineBookStore] [main] c.d.o.OnlineBookStoreApplication         : Starting OnlineBookStoreApplication using Java 23.0.2 with PID 18564 (C:\Users\Sivanesh.C\eclipse-workspace\OnlineBookStore\target\classes started by Sivanesh.C in C:\Users\Sivanesh.C\eclipse-workspace\OnlineBookStore)
2025-03-21T08:02:18.374+05:30 DEBUG 18564 --- [OnlineBookStore] [main] c.d.o.OnlineBookStoreApplication         : Running with Spring Boot v3.4.3, Spring v6.2.3
2025-03-21T08:02:18.376+05:30  INFO 18564 --- [OnlineBookStore] [main] c.d.o.OnlineBookStoreApplication         : No active profile set, falling back to 1 default profile: "default"
2025-03-21T08:02:19.210+05:30  INFO 18564 --- [OnlineBookStore] [main] .s.d.r.c.RepositoryConfigurationDelegate : Bootstrapping Spring Data JPA repositories in DEFAULT mode.
2025-03-21T08:02:19.294+05:30  INFO 18564 --- [OnlineBookStore] [main] .s.d.r.c.RepositoryConfigurationDelegate : Finished Spring Data repository scanning in 72 ms. Found 1 JPA repository interface.
2025-03-21T08:02:20.126+05:30  INFO 18564 --- [OnlineBookStore] [main] o.s.b.w.embedded.tomcat.TomcatWebServer  : Tomcat initialized with port 8090 (http)
2025-03-21T08:02:20.148+05:30  INFO 18564 --- [OnlineBookStore] [main] o.apache.catalina.core.StandardService   : Starting service [Tomcat]
2025-03-21T08:02:20.149+05:30  INFO 18564 --- [OnlineBookStore] [main] o.apache.catalina.core.StandardEngine    : Starting Servlet engine: [Apache Tomcat/10.1.36]
2025-03-21T08:02:20.230+05:30  INFO 18564 --- [OnlineBookStore] [main] o.a.c.c.C.[Tomcat].[localhost].[/]       : Initializing Spring embedded WebApplicationContext
2025-03-21T08:02:20.231+05:30  INFO 18564 --- [OnlineBookStore] [main] w.s.c.ServletWebServerApplicationContext : Root WebApplicationContext: initialization completed in 1765 ms
2025-03-21T08:02:20.487+05:30  INFO 18564 --- [OnlineBookStore] [main] o.hibernate.jpa.internal.util.LogHelper  : HHH000204: Processing PersistenceUnitInfo [name: default]
2025-03-21T08:02:20.563+05:30  INFO 18564 --- [OnlineBookStore] [main] org.hibernate.Version                    : HHH000412: Hibernate ORM core version 6.6.8.Final
2025-03-21T08:02:20.617+05:30  INFO 18564 --- [OnlineBookStore] [main] o.h.c.internal.RegionFactoryInitiator    : HHH000026: Second-level cache disabled
2025-03-21T08:02:21.005+05:30  INFO 18564 --- [OnlineBookStore] [main] o.s.o.j.p.SpringPersistenceUnitInfo      : No LoadTimeWeaver setup: ignoring JPA class transformer
2025-03-21T08:02:21.057+05:30  INFO 18564 --- [OnlineBookStore] [main] com.zaxxer.hikari.HikariDataSource       : HikariPool-1 - Starting...
2025-03-21T08:02:21.645+05:30  INFO 18564 --- [OnlineBookStore] [main] com.zaxxer.hikari.pool.HikariPool        : HikariPool-1 - Added connection com.mysql.cj.jdbc.ConnectionImpl@710afd47
2025-03-21T08:02:21.649+05:30  INFO 18564 --- [OnlineBookStore] [main] com.zaxxer.hikari.HikariDataSource       : HikariPool-1 - Start completed.
2025-03-21T08:02:21.740+05:30  WARN 18564 --- [OnlineBookStore] [main] org.hibernate.orm.deprecation            : HHH90000025: MySQL8Dialect does not need to be specified explicitly using 'hibernate.dialect' (remove the property setting and it will be selected by default)
2025-03-21T08:02:21.742+05:30  WARN 18564 --- [OnlineBookStore] [main] org.hibernate.orm.deprecation            : HHH90000026: MySQL8Dialect has been deprecated; use org.hibernate.dialect.MySQLDialect instead
2025-03-21T08:02:21.778+05:30  INFO 18564 --- [OnlineBookStore] [main] org.hibernate.orm.connections.pooling    : HHH10001005: Database info:
	Database JDBC URL [Connecting through datasource 'HikariDataSource (HikariPool-1)']
	Database driver: undefined/unknown
	Database version: 8.0
	Autocommit mode: undefined/unknown
	Isolation level: undefined/unknown
	Minimum pool size: undefined/unknown
	Maximum pool size: undefined/unknown
2025-03-21T08:02:22.952+05:30  INFO 18564 --- [OnlineBookStore] [main] o.h.e.t.j.p.i.JtaPlatformInitiator       : HHH000489: No JTA platform available (set 'hibernate.transaction.jta.platform' to enable JTA platform integration)
2025-03-21T08:02:23.015+05:30  INFO 18564 --- [OnlineBookStore] [main] j.LocalContainerEntityManagerFactoryBean : Initialized JPA EntityManagerFactory for persistence unit 'default'
2025-03-21T08:02:23.405+05:30  WARN 18564 --- [OnlineBookStore] [main] JpaBaseConfiguration$JpaWebConfiguration : spring.jpa.open-in-view is enabled by default. Therefore, database queries may be performed during view rendering. Explicitly configure spring.jpa.open-in-view to disable this warning
