2025-03-21T08:06:48.339+05:30  INFO 21240 --- [OnlineBookStore] [main] o.s.b.w.embedded.tomcat.TomcatWebServer  : Tomcat started on port 8090 (http) with context path '/'
2025-03-21T08:06:48.355+05:30  INFO 21240 --- [OnlineBookStore] [main] c.d.o.OnlineBookStoreApplication         : Started OnlineBookStoreApplication in 6.055 seconds (process running for 6.936)
2025-03-21T08:07:43.705+05:30  INFO 21240 --- [OnlineBookStore] [RMI TCP Connection(3)-127.0.0.1] inMXBeanRegistrar$SpringApplicationAdmin : Application shutdown requested.
2025-03-21T08:07:43.710+05:30  INFO 21240 --- [OnlineBookStore] [RMI TCP Connection(3)-127.0.0.1] o.s.b.w.e.tomcat.GracefulShutdown        : Commencing graceful shutdown. Waiting for active requests to complete
2025-03-21T08:07:43.720+05:30  INFO 21240 --- [OnlineBookStore] [tomcat-shutdown] o.s.b.w.e.tomcat.GracefulShutdown        : Graceful shutdown complete
2025-03-21T08:07:43.727+05:30  INFO 21240 --- [OnlineBookStore] [RMI TCP Connection(3)-127.0.0.1] j.LocalContainerEntityManagerFactoryBean : Closing JPA EntityManagerFactory for persistence unit 'default'
2025-03-21T08:07:43.730+05:30  INFO 21240 --- [OnlineBookStore] [RMI TCP Connection(3)-127.0.0.1] com.zaxxer.hikari.HikariDataSource       : HikariPool-1 - Shutdown initiated...
2025-03-21T08:07:43.744+05:30  INFO 21240 --- [OnlineBookStore] [RMI TCP Connection(3)-127.0.0.1] com.zaxxer.hikari.HikariDataSource       : HikariPool-1 - Shutdown completed.
2025-03-21T08:07:47.937+05:30 ERROR 14084 --- [OnlineBookStore] [main] o.s.b.d.LoggingFailureAnalysisReporter   : 

***************************
APPLICATION FAILED TO START
***************************

Description:

Failed to bind properties under 'logging.level.org.hibernate.type.descriptor.sql.basicbinder' to org.springframework.boot.logging.LogLevel:

    Property: logging.level.org.hibernate.type.descriptor.sql.basicbinder
    Value: "OFF  # Prevents duplicate query logging"
    Origin: class path resource [application.properties] - 22:61
    Reason: failed to convert java.lang.String to org.springframework.boot.logging.LogLevel (caused by java.lang.IllegalArgumentException: No enum constant org.springframework.boot.logging.LogLevel.OFF  # Prevents duplicate query logging)

Action:

Update your application's configuration. The following values are valid:

    DEBUG
    ERROR
    FATAL
    INFO
    OFF
    TRACE
    WARN

2025-03-21T08:08:18.678+05:30  INFO 10952 --- [OnlineBookStore] [main] c.d.o.OnlineBookStoreApplication         : Starting OnlineBookStoreApplication using Java 23.0.2 with PID 10952 (C:\Users\Sivanesh.C\eclipse-workspace\OnlineBookStore\target\classes started by Sivanesh.C in C:\Users\Sivanesh.C\eclipse-workspace\OnlineBookStore)
2025-03-21T08:08:18.680+05:30 DEBUG 10952 --- [OnlineBookStore] [main] c.d.o.OnlineBookStoreApplication         : Running with Spring Boot v3.4.3, Spring v6.2.3
2025-03-21T08:08:18.681+05:30  INFO 10952 --- [OnlineBookStore] [main] c.d.o.OnlineBookStoreApplication         : No active profile set, falling back to 1 default profile: "default"
2025-03-21T08:08:19.578+05:30  INFO 10952 --- [OnlineBookStore] [main] .s.d.r.c.RepositoryConfigurationDelegate : Bootstrapping Spring Data JPA repositories in DEFAULT mode.
2025-03-21T08:08:19.679+05:30  INFO 10952 --- [OnlineBookStore] [main] .s.d.r.c.RepositoryConfigurationDelegate : Finished Spring Data repository scanning in 89 ms. Found 1 JPA repository interface.
2025-03-21T08:08:20.368+05:30  INFO 10952 --- [OnlineBookStore] [main] o.s.b.w.embedded.tomcat.TomcatWebServer  : Tomcat initialized with port 8090 (http)
2025-03-21T08:08:20.394+05:30  INFO 10952 --- [OnlineBookStore] [main] o.apache.catalina.core.StandardService   : Starting service [Tomcat]
2025-03-21T08:08:20.395+05:30  INFO 10952 --- [OnlineBookStore] [main] o.apache.catalina.core.StandardEngine    : Starting Servlet engine: [Apache Tomcat/10.1.36]
2025-03-21T08:08:20.475+05:30  INFO 10952 --- [OnlineBookStore] [main] o.a.c.c.C.[Tomcat].[localhost].[/]       : Initializing Spring embedded WebApplicationContext
2025-03-21T08:08:20.476+05:30  INFO 10952 --- [OnlineBookStore] [main] w.s.c.ServletWebServerApplicationContext : Root WebApplicationContext: initialization completed in 1708 ms
2025-03-21T08:08:20.711+05:30  INFO 10952 --- [OnlineBookStore] [main] o.hibernate.jpa.internal.util.LogHelper  : HHH000204: Processing PersistenceUnitInfo [name: default]
2025-03-21T08:08:20.783+05:30  INFO 10952 --- [OnlineBookStore] [main] org.hibernate.Version                    : HHH000412: Hibernate ORM core version 6.6.8.Final
2025-03-21T08:08:20.829+05:30  INFO 10952 --- [OnlineBookStore] [main] o.h.c.internal.RegionFactoryInitiator    : HHH000026: Second-level cache disabled
2025-03-21T08:08:21.215+05:30  INFO 10952 --- [OnlineBookStore] [main] o.s.o.j.p.SpringPersistenceUnitInfo      : No LoadTimeWeaver setup: ignoring JPA class transformer
2025-03-21T08:08:21.255+05:30  INFO 10952 --- [OnlineBookStore] [main] com.zaxxer.hikari.HikariDataSource       : HikariPool-1 - Starting...
2025-03-21T08:08:21.794+05:30  INFO 10952 --- [OnlineBookStore] [main] com.zaxxer.hikari.pool.HikariPool        : HikariPool-1 - Added connection com.mysql.cj.jdbc.ConnectionImpl@5d96d434
2025-03-21T08:08:21.798+05:30  INFO 10952 --- [OnlineBookStore] [main] com.zaxxer.hikari.HikariDataSource       : HikariPool-1 - Start completed.
2025-03-21T08:08:21.886+05:30  WARN 10952 --- [OnlineBookStore] [main] org.hibernate.orm.deprecation            : HHH90000025: MySQL8Dialect does not need to be specified explicitly using 'hibernate.dialect' (remove the property setting and it will be selected by default)
2025-03-21T08:08:21.889+05:30  WARN 10952 --- [OnlineBookStore] [main] org.hibernate.orm.deprecation            : HHH90000026: MySQL8Dialect has been deprecated; use org.hibernate.dialect.MySQLDialect instead
2025-03-21T08:08:21.922+05:30  INFO 10952 --- [OnlineBookStore] [main] org.hibernate.orm.connections.pooling    : HHH10001005: Database info:
	Database JDBC URL [Connecting through datasource 'HikariDataSource (HikariPool-1)']
	Database driver: undefined/unknown
	Database version: 8.0
	Autocommit mode: undefined/unknown
	Isolation level: undefined/unknown
	Minimum pool size: undefined/unknown
	Maximum pool size: undefined/unknown
2025-03-21T08:08:23.166+05:30  INFO 10952 --- [OnlineBookStore] [main] o.h.e.t.j.p.i.JtaPlatformInitiator       : HHH000489: No JTA platform available (set 'hibernate.transaction.jta.platform' to enable JTA platform integration)
2025-03-21T08:08:23.248+05:30  INFO 10952 --- [OnlineBookStore] [main] j.LocalContainerEntityManagerFactoryBean : Initialized JPA EntityManagerFactory for persistence unit 'default'
2025-03-21T08:08:23.701+05:30  WARN 10952 --- [OnlineBookStore] [main] JpaBaseConfiguration$JpaWebConfiguration : spring.jpa.open-in-view is enabled by default. Therefore, database queries may be performed during view rendering. Explicitly configure spring.jpa.open-in-view to disable this warning
2025-03-21T08:08:24.237+05:30  INFO 10952 --- [OnlineBookStore] [main] o.s.b.w.embedded.tomcat.TomcatWebServer  : Tomcat started on port 8090 (http) with context path '/'
2025-03-21T08:08:24.253+05:30  INFO 10952 --- [OnlineBookStore] [main] c.d.o.OnlineBookStoreApplication         : Started OnlineBookStoreApplication in 6.352 seconds (process running for 7.279)
2025-03-21T08:08:29.381+05:30  INFO 10952 --- [OnlineBookStore] [http-nio-8090-exec-2] o.a.c.c.C.[Tomcat].[localhost].[/]       : Initializing Spring DispatcherServlet 'dispatcherServlet'
2025-03-21T08:08:29.382+05:30  INFO 10952 --- [OnlineBookStore] [http-nio-8090-exec-2] o.s.web.servlet.DispatcherServlet        : Initializing Servlet 'dispatcherServlet'
2025-03-21T08:08:29.386+05:30  INFO 10952 --- [OnlineBookStore] [http-nio-8090-exec-2] o.s.web.servlet.DispatcherServlet        : Completed initialization in 2 ms
2025-03-21T08:08:29.561+05:30  INFO 10952 --- [OnlineBookStore] [http-nio-8090-exec-2] c.d.o.controller.BookController          : Received request to add a new book
2025-03-21T08:08:29.562+05:30  INFO 10952 --- [OnlineBookStore] [http-nio-8090-exec-2] c.d.onlinebookstore.service.BookService  : Adding a new book
2025-03-21T08:08:29.617+05:30 DEBUG 10952 --- [OnlineBookStore] [http-nio-8090-exec-2] org.hibernate.SQL                        : 
    insert 
    into
        books
        (author, price, published_date, title) 
    values
        (?, ?, ?, ?)
2025-03-21T08:08:29.685+05:30  INFO 10952 --- [OnlineBookStore] [http-nio-8090-exec-2] c.d.onlinebookstore.service.BookService  : Book added successfully with ID: 1
2025-03-21T08:08:29.686+05:30  INFO 10952 --- [OnlineBookStore] [http-nio-8090-exec-2] c.d.o.controller.BookController          : Book added successfully with ID: 1
2025-03-21T08:10:59.626+05:30  INFO 10952 --- [OnlineBookStore] [http-nio-8090-exec-6] c.d.o.controller.BookController          : Received request to add a new book
2025-03-21T08:10:59.626+05:30  INFO 10952 --- [OnlineBookStore] [http-nio-8090-exec-6] c.d.onlinebookstore.service.BookService  : Adding a new book
2025-03-21T08:10:59.630+05:30 DEBUG 10952 --- [OnlineBookStore] [http-nio-8090-exec-6] org.hibernate.SQL                        : 
    insert 
    into
        books
        (author, price, published_date, title) 
    values
        (?, ?, ?, ?)
2025-03-21T08:10:59.638+05:30  INFO 10952 --- [OnlineBookStore] [http-nio-8090-exec-6] c.d.onlinebookstore.service.BookService  : Book added successfully with ID: 2
2025-03-21T08:10:59.639+05:30  INFO 10952 --- [OnlineBookStore] [http-nio-8090-exec-6] c.d.o.controller.BookController          : Book added successfully with ID: 2
2025-03-21T08:11:18.532+05:30  INFO 10952 --- [OnlineBookStore] [http-nio-8090-exec-7] c.d.o.controller.BookController          : Received request to fetch all books
2025-03-21T08:11:18.532+05:30  INFO 10952 --- [OnlineBookStore] [http-nio-8090-exec-7] c.d.onlinebookstore.service.BookService  : Fetching all books from the database
2025-03-21T08:11:18.694+05:30 DEBUG 10952 --- [OnlineBookStore] [http-nio-8090-exec-7] org.hibernate.SQL                        : 
    select
        b1_0.id,
        b1_0.author,
        b1_0.price,
        b1_0.published_date,
        b1_0.title 
    from
        books b1_0
