2025-03-21T07:47:30.101+05:30 DEBUG 13892 --- [OnlineBookStore] [main] s.w.s.m.m.a.RequestMappingHandlerMapping : 7 mappings in 'requestMappingHandlerMapping'
2025-03-21T07:47:30.258+05:30 DEBUG 13892 --- [OnlineBookStore] [main] o.s.w.s.handler.SimpleUrlHandlerMapping  : Patterns [/webjars/**, /**] in 'resourceHandlerMapping'
2025-03-21T07:47:30.301+05:30 DEBUG 13892 --- [OnlineBookStore] [main] s.w.s.m.m.a.RequestMappingHandlerAdapter : ControllerAdvice beans: 0 @ModelAttribute, 0 @InitBinder, 1 RequestBodyAdvice, 1 ResponseBodyAdvice
2025-03-21T07:47:30.374+05:30 DEBUG 13892 --- [OnlineBookStore] [main] .m.m.a.ExceptionHandlerExceptionResolver : ControllerAdvice beans: 1 @ExceptionHandler, 1 ResponseBodyAdvice
2025-03-21T07:47:30.576+05:30  INFO 13892 --- [OnlineBookStore] [main] o.s.b.w.embedded.tomcat.TomcatWebServer  : Tomcat started on port 8090 (http) with context path '/'
2025-03-21T07:47:30.592+05:30  INFO 13892 --- [OnlineBookStore] [main] c.d.o.OnlineBookStoreApplication         : Started OnlineBookStoreApplication in 6.554 seconds (process running for 7.476)
2025-03-21T07:47:43.724+05:30  INFO 13892 --- [OnlineBookStore] [http-nio-8090-exec-2] o.a.c.c.C.[Tomcat].[localhost].[/]       : Initializing Spring DispatcherServlet 'dispatcherServlet'
2025-03-21T07:47:43.725+05:30  INFO 13892 --- [OnlineBookStore] [http-nio-8090-exec-2] o.s.web.servlet.DispatcherServlet        : Initializing Servlet 'dispatcherServlet'
2025-03-21T07:47:43.726+05:30 DEBUG 13892 --- [OnlineBookStore] [http-nio-8090-exec-2] o.s.web.servlet.DispatcherServlet        : Detected StandardServletMultipartResolver
2025-03-21T07:47:43.727+05:30 DEBUG 13892 --- [OnlineBookStore] [http-nio-8090-exec-2] o.s.web.servlet.DispatcherServlet        : Detected AcceptHeaderLocaleResolver
2025-03-21T07:47:43.727+05:30 DEBUG 13892 --- [OnlineBookStore] [http-nio-8090-exec-2] o.s.web.servlet.DispatcherServlet        : Detected FixedThemeResolver
2025-03-21T07:47:43.729+05:30 DEBUG 13892 --- [OnlineBookStore] [http-nio-8090-exec-2] o.s.web.servlet.DispatcherServlet        : Detected org.springframework.web.servlet.view.DefaultRequestToViewNameTranslator@3123ba75
2025-03-21T07:47:43.729+05:30 DEBUG 13892 --- [OnlineBookStore] [http-nio-8090-exec-2] o.s.web.servlet.DispatcherServlet        : Detected org.springframework.web.servlet.support.SessionFlashMapManager@30a5a58d
2025-03-21T07:47:43.730+05:30 DEBUG 13892 --- [OnlineBookStore] [http-nio-8090-exec-2] o.s.web.servlet.DispatcherServlet        : enableLoggingRequestDetails='false': request parameters and headers will be masked to prevent unsafe logging of potentially sensitive data
2025-03-21T07:47:43.730+05:30  INFO 13892 --- [OnlineBookStore] [http-nio-8090-exec-2] o.s.web.servlet.DispatcherServlet        : Completed initialization in 4 ms
2025-03-21T07:47:43.755+05:30 DEBUG 13892 --- [OnlineBookStore] [http-nio-8090-exec-2] o.s.web.servlet.DispatcherServlet        : GET "/books/getallbooks", parameters={}
2025-03-21T07:47:43.770+05:30 DEBUG 13892 --- [OnlineBookStore] [http-nio-8090-exec-2] s.w.s.m.m.a.RequestMappingHandlerMapping : Mapped to com.demo.onlinebookstore.controller.BookController#getAllBooks()
2025-03-21T07:47:43.790+05:30  INFO 13892 --- [OnlineBookStore] [http-nio-8090-exec-2] c.d.o.controller.BookController          : Received request to fetch all books
2025-03-21T07:47:43.790+05:30  INFO 13892 --- [OnlineBookStore] [http-nio-8090-exec-2] c.d.onlinebookstore.service.BookService  : Fetching all books from the database
2025-03-21T07:47:43.961+05:30 DEBUG 13892 --- [OnlineBookStore] [http-nio-8090-exec-2] org.hibernate.SQL                        : 
    /* <criteria> */ select
        b1_0.id,
        b1_0.author,
        b1_0.price,
        b1_0.published_date,
        b1_0.title 
    from
        books b1_0
2025-03-21T07:47:44.017+05:30  INFO 13892 --- [OnlineBookStore] [http-nio-8090-exec-2] c.d.onlinebookstore.service.BookService  : Retrieved 1 books
2025-03-21T07:47:44.017+05:30  INFO 13892 --- [OnlineBookStore] [http-nio-8090-exec-2] c.d.o.controller.BookController          : Returning 1 books
2025-03-21T07:47:44.049+05:30 DEBUG 13892 --- [OnlineBookStore] [http-nio-8090-exec-2] o.s.w.s.m.m.a.HttpEntityMethodProcessor  : Using 'application/json', given [*/*] and supported [application/json, application/*+json]
2025-03-21T07:47:44.052+05:30 DEBUG 13892 --- [OnlineBookStore] [http-nio-8090-exec-2] o.s.w.s.m.m.a.HttpEntityMethodProcessor  : Writing [[Book [id=1, title=Python, author=Surya, price=99.99, publishedDate=2025-01-10]]]
2025-03-21T07:47:44.139+05:30 DEBUG 13892 --- [OnlineBookStore] [http-nio-8090-exec-2] o.s.web.servlet.DispatcherServlet        : Completed 200 OK
2025-03-21T07:50:33.847+05:30  INFO 13892 --- [OnlineBookStore] [RMI TCP Connection(5)-127.0.0.1] inMXBeanRegistrar$SpringApplicationAdmin : Application shutdown requested.
2025-03-21T07:50:33.852+05:30  INFO 13892 --- [OnlineBookStore] [RMI TCP Connection(5)-127.0.0.1] o.s.b.w.e.tomcat.GracefulShutdown        : Commencing graceful shutdown. Waiting for active requests to complete
2025-03-21T07:50:33.858+05:30  INFO 13892 --- [OnlineBookStore] [tomcat-shutdown] o.s.b.w.e.tomcat.GracefulShutdown        : Graceful shutdown complete
2025-03-21T07:50:33.865+05:30  INFO 13892 --- [OnlineBookStore] [RMI TCP Connection(5)-127.0.0.1] j.LocalContainerEntityManagerFactoryBean : Closing JPA EntityManagerFactory for persistence unit 'default'
2025-03-21T07:50:33.869+05:30  INFO 13892 --- [OnlineBookStore] [RMI TCP Connection(5)-127.0.0.1] com.zaxxer.hikari.HikariDataSource       : HikariPool-1 - Shutdown initiated...
2025-03-21T07:50:33.885+05:30  INFO 13892 --- [OnlineBookStore] [RMI TCP Connection(5)-127.0.0.1] com.zaxxer.hikari.HikariDataSource       : HikariPool-1 - Shutdown completed.
2025-03-21T07:50:38.299+05:30  INFO 16508 --- [OnlineBookStore] [main] c.d.o.OnlineBookStoreApplication         : Starting OnlineBookStoreApplication using Java 23.0.2 with PID 16508 (C:\Users\Sivanesh.C\eclipse-workspace\OnlineBookStore\target\classes started by Sivanesh.C in C:\Users\Sivanesh.C\eclipse-workspace\OnlineBookStore)
2025-03-21T07:50:38.302+05:30  INFO 16508 --- [OnlineBookStore] [main] c.d.o.OnlineBookStoreApplication         : No active profile set, falling back to 1 default profile: "default"
2025-03-21T07:50:39.278+05:30  INFO 16508 --- [OnlineBookStore] [main] .s.d.r.c.RepositoryConfigurationDelegate : Bootstrapping Spring Data JPA repositories in DEFAULT mode.
2025-03-21T07:50:39.376+05:30  INFO 16508 --- [OnlineBookStore] [main] .s.d.r.c.RepositoryConfigurationDelegate : Finished Spring Data repository scanning in 87 ms. Found 1 JPA repository interface.
2025-03-21T07:50:40.163+05:30  INFO 16508 --- [OnlineBookStore] [main] o.s.b.w.embedded.tomcat.TomcatWebServer  : Tomcat initialized with port 8090 (http)
2025-03-21T07:50:40.187+05:30  INFO 16508 --- [OnlineBookStore] [main] o.apache.catalina.core.StandardService   : Starting service [Tomcat]
2025-03-21T07:50:40.188+05:30  INFO 16508 --- [OnlineBookStore] [main] o.apache.catalina.core.StandardEngine    : Starting Servlet engine: [Apache Tomcat/10.1.36]
2025-03-21T07:50:40.277+05:30  INFO 16508 --- [OnlineBookStore] [main] o.a.c.c.C.[Tomcat].[localhost].[/]       : Initializing Spring embedded WebApplicationContext
2025-03-21T07:50:40.279+05:30  INFO 16508 --- [OnlineBookStore] [main] w.s.c.ServletWebServerApplicationContext : Root WebApplicationContext: initialization completed in 1875 ms
2025-03-21T07:50:40.507+05:30  INFO 16508 --- [OnlineBookStore] [main] o.hibernate.jpa.internal.util.LogHelper  : HHH000204: Processing PersistenceUnitInfo [name: default]
2025-03-21T07:50:40.579+05:30  INFO 16508 --- [OnlineBookStore] [main] org.hibernate.Version                    : HHH000412: Hibernate ORM core version 6.6.8.Final
2025-03-21T07:50:40.641+05:30  INFO 16508 --- [OnlineBookStore] [main] o.h.c.internal.RegionFactoryInitiator    : HHH000026: Second-level cache disabled
2025-03-21T07:50:41.049+05:30  INFO 16508 --- [OnlineBookStore] [main] o.s.o.j.p.SpringPersistenceUnitInfo      : No LoadTimeWeaver setup: ignoring JPA class transformer
2025-03-21T07:50:41.096+05:30  INFO 16508 --- [OnlineBookStore] [main] com.zaxxer.hikari.HikariDataSource       : HikariPool-1 - Starting...
2025-03-21T07:50:41.743+05:30  INFO 16508 --- [OnlineBookStore] [main] com.zaxxer.hikari.pool.HikariPool        : HikariPool-1 - Added connection com.mysql.cj.jdbc.ConnectionImpl@3e2c4d4b
2025-03-21T07:50:41.747+05:30  INFO 16508 --- [OnlineBookStore] [main] com.zaxxer.hikari.HikariDataSource       : HikariPool-1 - Start completed.
2025-03-21T07:50:41.839+05:30  WARN 16508 --- [OnlineBookStore] [main] org.hibernate.orm.deprecation            : HHH90000025: MySQL8Dialect does not need to be specified explicitly using 'hibernate.dialect' (remove the property setting and it will be selected by default)
2025-03-21T07:50:41.841+05:30  WARN 16508 --- [OnlineBookStore] [main] org.hibernate.orm.deprecation            : HHH90000026: MySQL8Dialect has been deprecated; use org.hibernate.dialect.MySQLDialect instead
2025-03-21T07:50:41.880+05:30  INFO 16508 --- [OnlineBookStore] [main] org.hibernate.orm.connections.pooling    : HHH10001005: Database info:
	Database JDBC URL [Connecting through datasource 'HikariDataSource (HikariPool-1)']
	Database driver: undefined/unknown
	Database version: 8.0
	Autocommit mode: undefined/unknown
	Isolation level: undefined/unknown
	Minimum pool size: undefined/unknown
	Maximum pool size: undefined/unknown
2025-03-21T07:50:43.002+05:30  INFO 16508 --- [OnlineBookStore] [main] o.h.e.t.j.p.i.JtaPlatformInitiator       : HHH000489: No JTA platform available (set 'hibernate.transaction.jta.platform' to enable JTA platform integration)
2025-03-21T07:50:43.062+05:30  INFO 16508 --- [OnlineBookStore] [main] j.LocalContainerEntityManagerFactoryBean : Initialized JPA EntityManagerFactory for persistence unit 'default'
2025-03-21T07:50:43.487+05:30  WARN 16508 --- [OnlineBookStore] [main] JpaBaseConfiguration$JpaWebConfiguration : spring.jpa.open-in-view is enabled by default. Therefore, database queries may be performed during view rendering. Explicitly configure spring.jpa.open-in-view to disable this warning
