2025-03-21T08:19:25.274+05:30  INFO 9444 --- [OnlineBookStore] [main] o.h.e.t.j.p.i.JtaPlatformInitiator       : HHH000489: No JTA platform available (set 'hibernate.transaction.jta.platform' to enable JTA platform integration)
2025-03-21T08:19:25.385+05:30  INFO 9444 --- [OnlineBookStore] [main] j.LocalContainerEntityManagerFactoryBean : Initialized JPA EntityManagerFactory for persistence unit 'default'
2025-03-21T08:19:25.746+05:30  WARN 9444 --- [OnlineBookStore] [main] JpaBaseConfiguration$JpaWebConfiguration : spring.jpa.open-in-view is enabled by default. Therefore, database queries may be performed during view rendering. Explicitly configure spring.jpa.open-in-view to disable this warning
2025-03-21T08:19:26.376+05:30  INFO 9444 --- [OnlineBookStore] [main] o.s.b.w.embedded.tomcat.TomcatWebServer  : Tomcat started on port 8090 (http) with context path '/'
2025-03-21T08:19:26.392+05:30  INFO 9444 --- [OnlineBookStore] [main] c.d.o.OnlineBookStoreApplication         : Started OnlineBookStoreApplication in 7.69 seconds (process running for 8.769)
2025-03-21T08:19:34.475+05:30  INFO 9444 --- [OnlineBookStore] [http-nio-8090-exec-3] o.a.c.c.C.[Tomcat].[localhost].[/]       : Initializing Spring DispatcherServlet 'dispatcherServlet'
2025-03-21T08:19:34.482+05:30  INFO 9444 --- [OnlineBookStore] [http-nio-8090-exec-3] o.s.web.servlet.DispatcherServlet        : Initializing Servlet 'dispatcherServlet'
2025-03-21T08:19:34.486+05:30  INFO 9444 --- [OnlineBookStore] [http-nio-8090-exec-3] o.s.web.servlet.DispatcherServlet        : Completed initialization in 2 ms
2025-03-21T08:19:34.683+05:30  INFO 9444 --- [OnlineBookStore] [http-nio-8090-exec-3] c.d.o.controller.BookController          : Received request to update book with ID: 2
2025-03-21T08:19:34.683+05:30  INFO 9444 --- [OnlineBookStore] [http-nio-8090-exec-3] c.d.onlinebookstore.service.BookService  : Updating book with ID: 2
2025-03-21T08:19:34.735+05:30 DEBUG 9444 --- [OnlineBookStore] [http-nio-8090-exec-3] org.hibernate.SQL                        : 
    select
        b1_0.id,
        b1_0.author,
        b1_0.price,
        b1_0.published_date,
        b1_0.title 
    from
        books b1_0 
    where
        b1_0.id=?
2025-03-21T08:19:34.776+05:30  INFO 9444 --- [OnlineBookStore] [http-nio-8090-exec-3] c.d.onlinebookstore.service.BookService  : Updating details for book ID: 2
2025-03-21T08:19:34.800+05:30 DEBUG 9444 --- [OnlineBookStore] [http-nio-8090-exec-3] org.hibernate.SQL                        : 
    update
        books 
    set
        author=?,
        price=?,
        published_date=?,
        title=? 
    where
        id=?
2025-03-21T08:19:34.825+05:30  INFO 9444 --- [OnlineBookStore] [http-nio-8090-exec-3] c.d.onlinebookstore.service.BookService  : Book with ID 2 updated successfully
2025-03-21T08:19:34.825+05:30  INFO 9444 --- [OnlineBookStore] [http-nio-8090-exec-3] c.d.o.controller.BookController          : Book with ID 2 updated successfully
2025-03-21T08:24:46.427+05:30  INFO 9444 --- [OnlineBookStore] [RMI TCP Connection(7)-127.0.0.1] inMXBeanRegistrar$SpringApplicationAdmin : Application shutdown requested.
2025-03-21T08:24:46.433+05:30  INFO 9444 --- [OnlineBookStore] [RMI TCP Connection(7)-127.0.0.1] o.s.b.w.e.tomcat.GracefulShutdown        : Commencing graceful shutdown. Waiting for active requests to complete
2025-03-21T08:24:46.441+05:30  INFO 9444 --- [OnlineBookStore] [tomcat-shutdown] o.s.b.w.e.tomcat.GracefulShutdown        : Graceful shutdown complete
2025-03-21T08:24:46.449+05:30  INFO 9444 --- [OnlineBookStore] [RMI TCP Connection(7)-127.0.0.1] j.LocalContainerEntityManagerFactoryBean : Closing JPA EntityManagerFactory for persistence unit 'default'
2025-03-21T08:24:46.449+05:30  INFO 9444 --- [OnlineBookStore] [RMI TCP Connection(7)-127.0.0.1] com.zaxxer.hikari.HikariDataSource       : HikariPool-1 - Shutdown initiated...
2025-03-21T08:24:46.466+05:30  INFO 9444 --- [OnlineBookStore] [RMI TCP Connection(7)-127.0.0.1] com.zaxxer.hikari.HikariDataSource       : HikariPool-1 - Shutdown completed.
2025-03-21T08:46:28.449+05:30  INFO 7928 --- [OnlineBookStore] [main] c.d.o.controller.BookControllerTest      : Starting BookControllerTest using Java 23.0.2 with PID 7928 (started by Sivanesh.C in C:\Users\Sivanesh.C\eclipse-workspace\OnlineBookStore)
2025-03-21T08:46:28.451+05:30 DEBUG 7928 --- [OnlineBookStore] [main] c.d.o.controller.BookControllerTest      : Running with Spring Boot v3.4.3, Spring v6.2.3
2025-03-21T08:46:28.453+05:30  INFO 7928 --- [OnlineBookStore] [main] c.d.o.controller.BookControllerTest      : No active profile set, falling back to 1 default profile: "default"
2025-03-21T08:46:33.586+05:30  INFO 7928 --- [OnlineBookStore] [main] o.s.b.t.m.w.SpringBootMockServletContext : Initializing Spring TestDispatcherServlet ''
2025-03-21T08:46:33.587+05:30  INFO 7928 --- [OnlineBookStore] [main] o.s.t.web.servlet.TestDispatcherServlet  : Initializing Servlet ''
2025-03-21T08:46:33.589+05:30  INFO 7928 --- [OnlineBookStore] [main] o.s.t.web.servlet.TestDispatcherServlet  : Completed initialization in 2 ms
2025-03-21T08:46:33.689+05:30  INFO 7928 --- [OnlineBookStore] [main] c.d.o.controller.BookControllerTest      : Started BookControllerTest in 6.013 seconds (process running for 8.174)
2025-03-21T09:53:39.680+05:30  INFO 3240 --- [OnlineBookStore] [main] c.d.o.service.BookServiceTest            : Starting BookServiceTest using Java 23.0.2 with PID 3240 (started by Sivanesh.C in C:\Users\Sivanesh.C\eclipse-workspace\OnlineBookStore)
2025-03-21T09:53:39.681+05:30 DEBUG 3240 --- [OnlineBookStore] [main] c.d.o.service.BookServiceTest            : Running with Spring Boot v3.4.3, Spring v6.2.3
2025-03-21T09:53:39.682+05:30  INFO 3240 --- [OnlineBookStore] [main] c.d.o.service.BookServiceTest            : No active profile set, falling back to 1 default profile: "default"
2025-03-21T09:53:40.538+05:30  INFO 3240 --- [OnlineBookStore] [main] .s.d.r.c.RepositoryConfigurationDelegate : Bootstrapping Spring Data JPA repositories in DEFAULT mode.
2025-03-21T09:53:40.635+05:30  INFO 3240 --- [OnlineBookStore] [main] .s.d.r.c.RepositoryConfigurationDelegate : Finished Spring Data repository scanning in 76 ms. Found 1 JPA repository interface.
2025-03-21T09:53:41.333+05:30  INFO 3240 --- [OnlineBookStore] [main] o.hibernate.jpa.internal.util.LogHelper  : HHH000204: Processing PersistenceUnitInfo [name: default]
2025-03-21T09:53:41.405+05:30  INFO 3240 --- [OnlineBookStore] [main] org.hibernate.Version                    : HHH000412: Hibernate ORM core version 6.6.8.Final
2025-03-21T09:53:41.446+05:30  INFO 3240 --- [OnlineBookStore] [main] o.h.c.internal.RegionFactoryInitiator    : HHH000026: Second-level cache disabled
2025-03-21T09:53:41.858+05:30  INFO 3240 --- [OnlineBookStore] [main] o.s.o.j.p.SpringPersistenceUnitInfo      : No LoadTimeWeaver setup: ignoring JPA class transformer
2025-03-21T09:53:41.935+05:30  INFO 3240 --- [OnlineBookStore] [main] com.zaxxer.hikari.HikariDataSource       : HikariPool-1 - Starting...
2025-03-21T09:53:42.428+05:30  INFO 3240 --- [OnlineBookStore] [main] com.zaxxer.hikari.pool.HikariPool        : HikariPool-1 - Added connection com.mysql.cj.jdbc.ConnectionImpl@cae2a97
2025-03-21T09:53:42.431+05:30  INFO 3240 --- [OnlineBookStore] [main] com.zaxxer.hikari.HikariDataSource       : HikariPool-1 - Start completed.
2025-03-21T09:53:42.496+05:30  WARN 3240 --- [OnlineBookStore] [main] org.hibernate.orm.deprecation            : HHH90000025: MySQL8Dialect does not need to be specified explicitly using 'hibernate.dialect' (remove the property setting and it will be selected by default)
2025-03-21T09:53:42.498+05:30  WARN 3240 --- [OnlineBookStore] [main] org.hibernate.orm.deprecation            : HHH90000026: MySQL8Dialect has been deprecated; use org.hibernate.dialect.MySQLDialect instead
2025-03-21T09:53:42.520+05:30  INFO 3240 --- [OnlineBookStore] [main] org.hibernate.orm.connections.pooling    : HHH10001005: Database info:
	Database JDBC URL [Connecting through datasource 'HikariDataSource (HikariPool-1)']
	Database driver: undefined/unknown
	Database version: 8.0
	Autocommit mode: undefined/unknown
	Isolation level: undefined/unknown
	Minimum pool size: undefined/unknown
	Maximum pool size: undefined/unknown
2025-03-21T09:53:43.388+05:30  INFO 3240 --- [OnlineBookStore] [main] o.h.e.t.j.p.i.JtaPlatformInitiator       : HHH000489: No JTA platform available (set 'hibernate.transaction.jta.platform' to enable JTA platform integration)
2025-03-21T09:53:43.452+05:30  INFO 3240 --- [OnlineBookStore] [main] j.LocalContainerEntityManagerFactoryBean : Initialized JPA EntityManagerFactory for persistence unit 'default'
2025-03-21T09:53:44.145+05:30  WARN 3240 --- [OnlineBookStore] [main] JpaBaseConfiguration$JpaWebConfiguration : spring.jpa.open-in-view is enabled by default. Therefore, database queries may be performed during view rendering. Explicitly configure spring.jpa.open-in-view to disable this warning
2025-03-21T09:53:44.786+05:30  INFO 3240 --- [OnlineBookStore] [main] c.d.o.service.BookServiceTest            : Started BookServiceTest in 5.567 seconds (process running for 6.886)
2025-03-21T09:53:45.500+05:30  INFO 3240 --- [OnlineBookStore] [SpringApplicationShutdownHook] j.LocalContainerEntityManagerFactoryBean : Closing JPA EntityManagerFactory for persistence unit 'default'
2025-03-21T09:53:45.504+05:30  INFO 3240 --- [OnlineBookStore] [SpringApplicationShutdownHook] com.zaxxer.hikari.HikariDataSource       : HikariPool-1 - Shutdown initiated...
2025-03-21T09:53:45.513+05:30  INFO 3240 --- [OnlineBookStore] [SpringApplicationShutdownHook] com.zaxxer.hikari.HikariDataSource       : HikariPool-1 - Shutdown completed.
2025-03-21T10:01:21.745+05:30  INFO 23112 --- [OnlineBookStore] [main] c.d.o.service.BookServiceTest            : Starting BookServiceTest using Java 23.0.2 with PID 23112 (started by Sivanesh.C in C:\Users\Sivanesh.C\eclipse-workspace\OnlineBookStore)
2025-03-21T10:01:21.747+05:30 DEBUG 23112 --- [OnlineBookStore] [main] c.d.o.service.BookServiceTest            : Running with Spring Boot v3.4.3, Spring v6.2.3
2025-03-21T10:01:21.747+05:30  INFO 23112 --- [OnlineBookStore] [main] c.d.o.service.BookServiceTest            : No active profile set, falling back to 1 default profile: "default"
