2025-03-21T07:40:53.216+05:30  INFO 9900 --- [OnlineBookStore] [main] o.s.b.w.embedded.tomcat.TomcatWebServer  : Tomcat started on port 8090 (http) with context path '/'
2025-03-21T07:40:53.241+05:30  INFO 9900 --- [OnlineBookStore] [main] c.d.o.OnlineBookStoreApplication         : Started OnlineBookStoreApplication in 6.642 seconds (process running for 7.483)
2025-03-21T07:41:50.422+05:30  INFO 9900 --- [OnlineBookStore] [http-nio-8090-exec-1] o.a.c.c.C.[Tomcat].[localhost].[/]       : Initializing Spring DispatcherServlet 'dispatcherServlet'
2025-03-21T07:41:50.422+05:30  INFO 9900 --- [OnlineBookStore] [http-nio-8090-exec-1] o.s.web.servlet.DispatcherServlet        : Initializing Servlet 'dispatcherServlet'
2025-03-21T07:41:50.422+05:30  INFO 9900 --- [OnlineBookStore] [http-nio-8090-exec-1] o.s.web.servlet.DispatcherServlet        : Completed initialization in 0 ms
2025-03-21T07:41:50.618+05:30  INFO 9900 --- [OnlineBookStore] [http-nio-8090-exec-1] c.d.o.controller.BookController          : Received request to add a new book
2025-03-21T07:41:50.626+05:30  INFO 9900 --- [OnlineBookStore] [http-nio-8090-exec-1] c.d.onlinebookstore.service.BookService  : Adding a new book
2025-03-21T07:41:50.756+05:30  INFO 9900 --- [OnlineBookStore] [http-nio-8090-exec-1] c.d.onlinebookstore.service.BookService  : Book added successfully with ID: 1
2025-03-21T07:41:50.756+05:30  INFO 9900 --- [OnlineBookStore] [http-nio-8090-exec-1] c.d.o.controller.BookController          : Book added successfully with ID: 1
2025-03-21T07:43:13.726+05:30  INFO 9900 --- [OnlineBookStore] [http-nio-8090-exec-5] c.d.o.controller.BookController          : Received request to fetch all books
2025-03-21T07:43:13.726+05:30  INFO 9900 --- [OnlineBookStore] [http-nio-8090-exec-5] c.d.onlinebookstore.service.BookService  : Fetching all books from the database
2025-03-21T07:43:13.966+05:30  INFO 9900 --- [OnlineBookStore] [http-nio-8090-exec-5] c.d.onlinebookstore.service.BookService  : Retrieved 1 books
2025-03-21T07:43:13.966+05:30  INFO 9900 --- [OnlineBookStore] [http-nio-8090-exec-5] c.d.o.controller.BookController          : Returning 1 books
2025-03-21T07:47:18.767+05:30  INFO 9900 --- [OnlineBookStore] [RMI TCP Connection(9)-127.0.0.1] inMXBeanRegistrar$SpringApplicationAdmin : Application shutdown requested.
2025-03-21T07:47:18.771+05:30  INFO 9900 --- [OnlineBookStore] [RMI TCP Connection(9)-127.0.0.1] o.s.b.w.e.tomcat.GracefulShutdown        : Commencing graceful shutdown. Waiting for active requests to complete
2025-03-21T07:47:18.778+05:30  INFO 9900 --- [OnlineBookStore] [tomcat-shutdown] o.s.b.w.e.tomcat.GracefulShutdown        : Graceful shutdown complete
2025-03-21T07:47:18.785+05:30  INFO 9900 --- [OnlineBookStore] [RMI TCP Connection(9)-127.0.0.1] j.LocalContainerEntityManagerFactoryBean : Closing JPA EntityManagerFactory for persistence unit 'default'
2025-03-21T07:47:18.788+05:30  INFO 9900 --- [OnlineBookStore] [RMI TCP Connection(9)-127.0.0.1] com.zaxxer.hikari.HikariDataSource       : HikariPool-1 - Shutdown initiated...
2025-03-21T07:47:18.803+05:30  INFO 9900 --- [OnlineBookStore] [RMI TCP Connection(9)-127.0.0.1] com.zaxxer.hikari.HikariDataSource       : HikariPool-1 - Shutdown completed.
2025-03-21T07:47:24.638+05:30  INFO 13892 --- [OnlineBookStore] [main] c.d.o.OnlineBookStoreApplication         : Starting OnlineBookStoreApplication using Java 23.0.2 with PID 13892 (C:\Users\Sivanesh.C\eclipse-workspace\OnlineBookStore\target\classes started by Sivanesh.C in C:\Users\Sivanesh.C\eclipse-workspace\OnlineBookStore)
2025-03-21T07:47:24.642+05:30  INFO 13892 --- [OnlineBookStore] [main] c.d.o.OnlineBookStoreApplication         : No active profile set, falling back to 1 default profile: "default"
2025-03-21T07:47:25.698+05:30  INFO 13892 --- [OnlineBookStore] [main] .s.d.r.c.RepositoryConfigurationDelegate : Bootstrapping Spring Data JPA repositories in DEFAULT mode.
2025-03-21T07:47:25.815+05:30  INFO 13892 --- [OnlineBookStore] [main] .s.d.r.c.RepositoryConfigurationDelegate : Finished Spring Data repository scanning in 97 ms. Found 1 JPA repository interface.
2025-03-21T07:47:26.528+05:30  INFO 13892 --- [OnlineBookStore] [main] o.s.b.w.embedded.tomcat.TomcatWebServer  : Tomcat initialized with port 8090 (http)
2025-03-21T07:47:26.551+05:30  INFO 13892 --- [OnlineBookStore] [main] o.apache.catalina.core.StandardService   : Starting service [Tomcat]
2025-03-21T07:47:26.552+05:30  INFO 13892 --- [OnlineBookStore] [main] o.apache.catalina.core.StandardEngine    : Starting Servlet engine: [Apache Tomcat/10.1.36]
2025-03-21T07:47:26.637+05:30  INFO 13892 --- [OnlineBookStore] [main] o.a.c.c.C.[Tomcat].[localhost].[/]       : Initializing Spring embedded WebApplicationContext
2025-03-21T07:47:26.638+05:30  INFO 13892 --- [OnlineBookStore] [main] w.s.c.ServletWebServerApplicationContext : Root WebApplicationContext: initialization completed in 1893 ms
2025-03-21T07:47:26.870+05:30  INFO 13892 --- [OnlineBookStore] [main] o.hibernate.jpa.internal.util.LogHelper  : HHH000204: Processing PersistenceUnitInfo [name: default]
2025-03-21T07:47:26.933+05:30  INFO 13892 --- [OnlineBookStore] [main] org.hibernate.Version                    : HHH000412: Hibernate ORM core version 6.6.8.Final
2025-03-21T07:47:26.989+05:30  INFO 13892 --- [OnlineBookStore] [main] o.h.c.internal.RegionFactoryInitiator    : HHH000026: Second-level cache disabled
2025-03-21T07:47:27.449+05:30  INFO 13892 --- [OnlineBookStore] [main] o.s.o.j.p.SpringPersistenceUnitInfo      : No LoadTimeWeaver setup: ignoring JPA class transformer
2025-03-21T07:47:27.493+05:30  INFO 13892 --- [OnlineBookStore] [main] com.zaxxer.hikari.HikariDataSource       : HikariPool-1 - Starting...
2025-03-21T07:47:28.048+05:30  INFO 13892 --- [OnlineBookStore] [main] com.zaxxer.hikari.pool.HikariPool        : HikariPool-1 - Added connection com.mysql.cj.jdbc.ConnectionImpl@780129bc
2025-03-21T07:47:28.051+05:30  INFO 13892 --- [OnlineBookStore] [main] com.zaxxer.hikari.HikariDataSource       : HikariPool-1 - Start completed.
2025-03-21T07:47:28.131+05:30  WARN 13892 --- [OnlineBookStore] [main] org.hibernate.orm.deprecation            : HHH90000025: MySQL8Dialect does not need to be specified explicitly using 'hibernate.dialect' (remove the property setting and it will be selected by default)
2025-03-21T07:47:28.134+05:30  WARN 13892 --- [OnlineBookStore] [main] org.hibernate.orm.deprecation            : HHH90000026: MySQL8Dialect has been deprecated; use org.hibernate.dialect.MySQLDialect instead
2025-03-21T07:47:28.167+05:30  INFO 13892 --- [OnlineBookStore] [main] org.hibernate.orm.connections.pooling    : HHH10001005: Database info:
	Database JDBC URL [Connecting through datasource 'HikariDataSource (HikariPool-1)']
	Database driver: undefined/unknown
	Database version: 8.0
	Autocommit mode: undefined/unknown
	Isolation level: undefined/unknown
	Minimum pool size: undefined/unknown
	Maximum pool size: undefined/unknown
2025-03-21T07:47:28.183+05:30 DEBUG 13892 --- [OnlineBookStore] [main] o.h.t.d.sql.spi.DdlTypeRegistry          : addDescriptor(12, org.hibernate.type.descriptor.sql.internal.CapacityDependentDdlType@342723a3) replaced previous registration(org.hibernate.type.descriptor.sql.internal.CapacityDependentDdlType@f3876ef)
2025-03-21T07:47:28.184+05:30 DEBUG 13892 --- [OnlineBookStore] [main] o.h.t.d.sql.spi.DdlTypeRegistry          : addDescriptor(-9, org.hibernate.type.descriptor.sql.internal.CapacityDependentDdlType@6b751cb1) replaced previous registration(org.hibernate.type.descriptor.sql.internal.CapacityDependentDdlType@df9d400)
2025-03-21T07:47:28.185+05:30 DEBUG 13892 --- [OnlineBookStore] [main] o.h.t.d.sql.spi.DdlTypeRegistry          : addDescriptor(-3, org.hibernate.type.descriptor.sql.internal.CapacityDependentDdlType@4ec427) replaced previous registration(org.hibernate.type.descriptor.sql.internal.CapacityDependentDdlType@4c8d45cf)
2025-03-21T07:47:28.186+05:30 DEBUG 13892 --- [OnlineBookStore] [main] o.h.t.d.sql.spi.DdlTypeRegistry          : addDescriptor(4003, org.hibernate.type.descriptor.sql.internal.DdlTypeImpl@fde487b) replaced previous registration(org.hibernate.type.descriptor.sql.internal.DdlTypeImpl@4cc4d454)
2025-03-21T07:47:28.187+05:30 DEBUG 13892 --- [OnlineBookStore] [main] o.h.t.d.sql.spi.DdlTypeRegistry          : addDescriptor(4001, org.hibernate.type.descriptor.sql.internal.DdlTypeImpl@3add5e17) replaced previous registration(org.hibernate.type.descriptor.sql.internal.DdlTypeImpl@1c58d7be)
2025-03-21T07:47:28.187+05:30 DEBUG 13892 --- [OnlineBookStore] [main] o.h.t.d.sql.spi.DdlTypeRegistry          : addDescriptor(4002, org.hibernate.type.descriptor.sql.internal.DdlTypeImpl@61b8c9de) replaced previous registration(org.hibernate.type.descriptor.sql.internal.DdlTypeImpl@b34c7c9)
2025-03-21T07:47:28.188+05:30 DEBUG 13892 --- [OnlineBookStore] [main] o.h.t.d.sql.spi.DdlTypeRegistry          : addDescriptor(2004, org.hibernate.type.descriptor.sql.internal.CapacityDependentDdlType@5b490d5e) replaced previous registration(org.hibernate.type.descriptor.sql.internal.DdlTypeImpl@1f6c4ae)
2025-03-21T07:47:28.189+05:30 DEBUG 13892 --- [OnlineBookStore] [main] o.h.t.d.sql.spi.DdlTypeRegistry          : addDescriptor(2005, org.hibernate.type.descriptor.sql.internal.CapacityDependentDdlType@26270b77) replaced previous registration(org.hibernate.type.descriptor.sql.internal.DdlTypeImpl@b808af5)
2025-03-21T07:47:28.189+05:30 DEBUG 13892 --- [OnlineBookStore] [main] o.h.t.d.sql.spi.DdlTypeRegistry          : addDescriptor(2011, org.hibernate.type.descriptor.sql.internal.CapacityDependentDdlType@18b04526) replaced previous registration(org.hibernate.type.descriptor.sql.internal.DdlTypeImpl@2fd4312a)
2025-03-21T07:47:29.471+05:30  INFO 13892 --- [OnlineBookStore] [main] o.h.e.t.j.p.i.JtaPlatformInitiator       : HHH000489: No JTA platform available (set 'hibernate.transaction.jta.platform' to enable JTA platform integration)
2025-03-21T07:47:29.547+05:30  INFO 13892 --- [OnlineBookStore] [main] j.LocalContainerEntityManagerFactoryBean : Initialized JPA EntityManagerFactory for persistence unit 'default'
2025-03-21T07:47:29.966+05:30  WARN 13892 --- [OnlineBookStore] [main] JpaBaseConfiguration$JpaWebConfiguration : spring.jpa.open-in-view is enabled by default. Therefore, database queries may be performed during view rendering. Explicitly configure spring.jpa.open-in-view to disable this warning
