2025-03-21T08:02:24.057+05:30  INFO 18564 --- [OnlineBookStore] [main] o.s.b.w.embedded.tomcat.TomcatWebServer  : Tomcat started on port 8090 (http) with context path '/'
2025-03-21T08:02:24.092+05:30  INFO 18564 --- [OnlineBookStore] [main] c.d.o.OnlineBookStoreApplication         : Started OnlineBookStoreApplication in 6.493 seconds (process running for 7.765)
2025-03-21T08:02:31.173+05:30  INFO 18564 --- [OnlineBookStore] [http-nio-8090-exec-3] o.a.c.c.C.[Tomcat].[localhost].[/]       : Initializing Spring DispatcherServlet 'dispatcherServlet'
2025-03-21T08:02:31.174+05:30  INFO 18564 --- [OnlineBookStore] [http-nio-8090-exec-3] o.s.web.servlet.DispatcherServlet        : Initializing Servlet 'dispatcherServlet'
2025-03-21T08:02:31.177+05:30  INFO 18564 --- [OnlineBookStore] [http-nio-8090-exec-3] o.s.web.servlet.DispatcherServlet        : Completed initialization in 1 ms
2025-03-21T08:02:31.216+05:30  INFO 18564 --- [OnlineBookStore] [http-nio-8090-exec-3] c.d.o.controller.BookController          : Received request to fetch all books
2025-03-21T08:02:31.216+05:30  INFO 18564 --- [OnlineBookStore] [http-nio-8090-exec-3] c.d.onlinebookstore.service.BookService  : Fetching all books from the database
2025-03-21T08:02:31.378+05:30 DEBUG 18564 --- [OnlineBookStore] [http-nio-8090-exec-3] org.hibernate.SQL                        : 
    select
        b1_0.id,
        b1_0.author,
        b1_0.price,
        b1_0.published_date,
        b1_0.title 
    from
        books b1_0
2025-03-21T08:02:31.423+05:30  INFO 18564 --- [OnlineBookStore] [http-nio-8090-exec-3] c.d.onlinebookstore.service.BookService  : Retrieved 0 books
2025-03-21T08:02:31.423+05:30  INFO 18564 --- [OnlineBookStore] [http-nio-8090-exec-3] c.d.o.controller.BookController          : Returning 0 books
2025-03-21T08:05:08.291+05:30  INFO 18564 --- [OnlineBookStore] [RMI TCP Connection(6)-127.0.0.1] inMXBeanRegistrar$SpringApplicationAdmin : Application shutdown requested.
2025-03-21T08:05:08.297+05:30  INFO 18564 --- [OnlineBookStore] [RMI TCP Connection(6)-127.0.0.1] o.s.b.w.e.tomcat.GracefulShutdown        : Commencing graceful shutdown. Waiting for active requests to complete
2025-03-21T08:05:08.307+05:30  INFO 18564 --- [OnlineBookStore] [tomcat-shutdown] o.s.b.w.e.tomcat.GracefulShutdown        : Graceful shutdown complete
2025-03-21T08:05:08.314+05:30  INFO 18564 --- [OnlineBookStore] [RMI TCP Connection(6)-127.0.0.1] j.LocalContainerEntityManagerFactoryBean : Closing JPA EntityManagerFactory for persistence unit 'default'
2025-03-21T08:05:08.317+05:30  INFO 18564 --- [OnlineBookStore] [RMI TCP Connection(6)-127.0.0.1] com.zaxxer.hikari.HikariDataSource       : HikariPool-1 - Shutdown initiated...
2025-03-21T08:05:08.328+05:30  INFO 18564 --- [OnlineBookStore] [RMI TCP Connection(6)-127.0.0.1] com.zaxxer.hikari.HikariDataSource       : HikariPool-1 - Shutdown completed.
2025-03-21T08:05:12.938+05:30 ERROR 21028 --- [OnlineBookStore] [main] o.s.b.d.LoggingFailureAnalysisReporter   : 

***************************
APPLICATION FAILED TO START
***************************

Description:

Failed to bind properties under 'logging.level.org.hibernate.type.descriptor.sql.basicbinder' to org.springframework.boot.logging.LogLevel:

    Property: logging.level.org.hibernate.type.descriptor.sql.basicbinder
    Value: "OFF  # Prevents duplicate query logging"
    Origin: class path resource [application.properties] - 22:61
    Reason: failed to convert java.lang.String to org.springframework.boot.logging.LogLevel (caused by java.lang.IllegalArgumentException: No enum constant org.springframework.boot.logging.LogLevel.OFF  # Prevents duplicate query logging)

Action:

Update your application's configuration. The following values are valid:

    DEBUG
    ERROR
    FATAL
    INFO
    OFF
    TRACE
    WARN

2025-03-21T08:06:16.861+05:30 ERROR 12612 --- [OnlineBookStore] [main] o.s.b.d.LoggingFailureAnalysisReporter   : 

***************************
APPLICATION FAILED TO START
***************************

Description:

Failed to bind properties under 'logging.level.org.hibernate.type.descriptor.sql.basicbinder' to org.springframework.boot.logging.LogLevel:

    Property: logging.level.org.hibernate.type.descriptor.sql.basicbinder
    Value: "OFF  # Prevents duplicate query logging"
    Origin: class path resource [application.properties] - 22:61
    Reason: failed to convert java.lang.String to org.springframework.boot.logging.LogLevel (caused by java.lang.IllegalArgumentException: No enum constant org.springframework.boot.logging.LogLevel.OFF  # Prevents duplicate query logging)

Action:

Update your application's configuration. The following values are valid:

    DEBUG
    ERROR
    FATAL
    INFO
    OFF
    TRACE
    WARN

2025-03-21T08:06:33.641+05:30 ERROR 5156 --- [OnlineBookStore] [main] o.s.b.d.LoggingFailureAnalysisReporter   : 

***************************
APPLICATION FAILED TO START
***************************

Description:

Failed to bind properties under 'logging.level.org.hibernate.type.descriptor.sql.basicbinder' to org.springframework.boot.logging.LogLevel:

    Property: logging.level.org.hibernate.type.descriptor.sql.basicbinder
    Value: "OFF  # Prevents duplicate query logging"
    Origin: class path resource [application.properties] - 22:61
    Reason: failed to convert java.lang.String to org.springframework.boot.logging.LogLevel (caused by java.lang.IllegalArgumentException: No enum constant org.springframework.boot.logging.LogLevel.OFF  # Prevents duplicate query logging)

Action:

Update your application's configuration. The following values are valid:

    DEBUG
    ERROR
    FATAL
    INFO
    OFF
    TRACE
    WARN

2025-03-21T08:06:42.903+05:30  INFO 21240 --- [OnlineBookStore] [main] c.d.o.OnlineBookStoreApplication         : Starting OnlineBookStoreApplication using Java 23.0.2 with PID 21240 (C:\Users\Sivanesh.C\eclipse-workspace\OnlineBookStore\target\classes started by Sivanesh.C in C:\Users\Sivanesh.C\eclipse-workspace\OnlineBookStore)
2025-03-21T08:06:42.905+05:30 DEBUG 21240 --- [OnlineBookStore] [main] c.d.o.OnlineBookStoreApplication         : Running with Spring Boot v3.4.3, Spring v6.2.3
2025-03-21T08:06:42.907+05:30  INFO 21240 --- [OnlineBookStore] [main] c.d.o.OnlineBookStoreApplication         : No active profile set, falling back to 1 default profile: "default"
2025-03-21T08:06:43.823+05:30  INFO 21240 --- [OnlineBookStore] [main] .s.d.r.c.RepositoryConfigurationDelegate : Bootstrapping Spring Data JPA repositories in DEFAULT mode.
2025-03-21T08:06:43.917+05:30  INFO 21240 --- [OnlineBookStore] [main] .s.d.r.c.RepositoryConfigurationDelegate : Finished Spring Data repository scanning in 80 ms. Found 1 JPA repository interface.
2025-03-21T08:06:44.594+05:30  INFO 21240 --- [OnlineBookStore] [main] o.s.b.w.embedded.tomcat.TomcatWebServer  : Tomcat initialized with port 8090 (http)
2025-03-21T08:06:44.624+05:30  INFO 21240 --- [OnlineBookStore] [main] o.apache.catalina.core.StandardService   : Starting service [Tomcat]
2025-03-21T08:06:44.625+05:30  INFO 21240 --- [OnlineBookStore] [main] o.apache.catalina.core.StandardEngine    : Starting Servlet engine: [Apache Tomcat/10.1.36]
2025-03-21T08:06:44.713+05:30  INFO 21240 --- [OnlineBookStore] [main] o.a.c.c.C.[Tomcat].[localhost].[/]       : Initializing Spring embedded WebApplicationContext
2025-03-21T08:06:44.715+05:30  INFO 21240 --- [OnlineBookStore] [main] w.s.c.ServletWebServerApplicationContext : Root WebApplicationContext: initialization completed in 1733 ms
2025-03-21T08:06:44.895+05:30  INFO 21240 --- [OnlineBookStore] [main] o.hibernate.jpa.internal.util.LogHelper  : HHH000204: Processing PersistenceUnitInfo [name: default]
2025-03-21T08:06:44.947+05:30  INFO 21240 --- [OnlineBookStore] [main] org.hibernate.Version                    : HHH000412: Hibernate ORM core version 6.6.8.Final
2025-03-21T08:06:44.994+05:30  INFO 21240 --- [OnlineBookStore] [main] o.h.c.internal.RegionFactoryInitiator    : HHH000026: Second-level cache disabled
2025-03-21T08:06:45.386+05:30  INFO 21240 --- [OnlineBookStore] [main] o.s.o.j.p.SpringPersistenceUnitInfo      : No LoadTimeWeaver setup: ignoring JPA class transformer
2025-03-21T08:06:45.428+05:30  INFO 21240 --- [OnlineBookStore] [main] com.zaxxer.hikari.HikariDataSource       : HikariPool-1 - Starting...
2025-03-21T08:06:45.962+05:30  INFO 21240 --- [OnlineBookStore] [main] com.zaxxer.hikari.pool.HikariPool        : HikariPool-1 - Added connection com.mysql.cj.jdbc.ConnectionImpl@356341c9
2025-03-21T08:06:45.966+05:30  INFO 21240 --- [OnlineBookStore] [main] com.zaxxer.hikari.HikariDataSource       : HikariPool-1 - Start completed.
2025-03-21T08:06:46.087+05:30  WARN 21240 --- [OnlineBookStore] [main] org.hibernate.orm.deprecation            : HHH90000025: MySQL8Dialect does not need to be specified explicitly using 'hibernate.dialect' (remove the property setting and it will be selected by default)
2025-03-21T08:06:46.091+05:30  WARN 21240 --- [OnlineBookStore] [main] org.hibernate.orm.deprecation            : HHH90000026: MySQL8Dialect has been deprecated; use org.hibernate.dialect.MySQLDialect instead
2025-03-21T08:06:46.136+05:30  INFO 21240 --- [OnlineBookStore] [main] org.hibernate.orm.connections.pooling    : HHH10001005: Database info:
	Database JDBC URL [Connecting through datasource 'HikariDataSource (HikariPool-1)']
	Database driver: undefined/unknown
	Database version: 8.0
	Autocommit mode: undefined/unknown
	Isolation level: undefined/unknown
	Minimum pool size: undefined/unknown
	Maximum pool size: undefined/unknown
2025-03-21T08:06:47.362+05:30  INFO 21240 --- [OnlineBookStore] [main] o.h.e.t.j.p.i.JtaPlatformInitiator       : HHH000489: No JTA platform available (set 'hibernate.transaction.jta.platform' to enable JTA platform integration)
2025-03-21T08:06:47.448+05:30  INFO 21240 --- [OnlineBookStore] [main] j.LocalContainerEntityManagerFactoryBean : Initialized JPA EntityManagerFactory for persistence unit 'default'
2025-03-21T08:06:47.859+05:30  WARN 21240 --- [OnlineBookStore] [main] JpaBaseConfiguration$JpaWebConfiguration : spring.jpa.open-in-view is enabled by default. Therefore, database queries may be performed during view rendering. Explicitly configure spring.jpa.open-in-view to disable this warning
